Arguments: 
  C:\Program Files\nodejs\node.exe C:\Users\Carl\AppData\Roaming\npm\node_modules\yarn\bin\yarn.js add ../../SDK --flat

PATH: 
  C:\Program Files\Microsoft MPI\Bin\;C:\Program Files (x86)\NVIDIA Corporation\PhysX\Common;C:\Program Files (x86)\Intel\iCLS Client\;C:\Program Files\Intel\iCLS Client\;C:\WINDOWS\system32;C:\WINDOWS;C:\WINDOWS\System32\Wbem;C:\WINDOWS\System32\WindowsPowerShell\v1.0\;C:\Program Files\Microsoft SQL Server\130\Tools\Binn\;C:\Program Files (x86)\GtkSharp\2.12\bin;C:\WINDOWS\System32\OpenSSH\;C:\Program Files\Git\cmd;C:\Program Files\nodejs\;C:\Users\Carl\AppData\Local\Programs\Python\Python37\Scripts\;C:\Users\Carl\AppData\Local\Programs\Python\Python37\;C:\Users\Carl\AppData\Local\Programs\Python\Launcher\;C:\Users\Carl\AppData\Local\Microsoft\WindowsApps;C:\Users\Carl\AppData\Local\GitHubDesktop\bin;C:\Users\Carl\AppData\Local\Microsoft\WindowsApps;C:\Users\Carl\AppData\Roaming\npm

Yarn version: 
  1.22.4

Node version: 
  12.16.2

Platform: 
  win32 x64

Trace: 
  Error: EINVAL: invalid argument, mkdir 'C:\Users\Carl\AppData\Local\Yarn\Cache\v6\npm-sers-arl-oftware-ngineer-ini-rogram-est-0.0.0-01ef1628-ccda-4034-90b9-51d9c1e0e8b6-1590410068363\node_modules\C:\Users\Carl\SoftwareEngineer\MiniProgramTest'

npm manifest: 
  {
    "name": "volunteerpro",
    "version": "1.0.0",
    "description": "软工实验班实习项目",
    "main": "app.js",
    "directories": {
      "lib": "lib"
    },
    "scripts": {
      "test": "echo \"Error: no test specified\" && exit 1"
    },
    "repository": {
      "type": "git",
      "url": "git+https://github.com/Nova-xiao/VolunteerPRO.git"
    },
    "author": "",
    "license": "ISC",
    "bugs": {
      "url": "https://github.com/Nova-xiao/VolunteerPRO/issues"
    },
    "homepage": "https://github.com/Nova-xiao/VolunteerPRO#readme"
  }

yarn manifest: 
  No manifest

Lockfile: 
  # THIS IS AN AUTOGENERATED FILE. DO NOT EDIT THIS FILE DIRECTLY.
  # yarn lockfile v1
  
  
  jsbn@^1.1.0:
    version "1.1.0"
    resolved "https://registry.yarnpkg.com/jsbn/-/jsbn-1.1.0.tgz#b01307cb29b618a1ed26ec79e911f803c4da0040"
    integrity sha1-sBMHyym2GKHtJux56RH4A8TaAEA=
  
  "taas@file:taasSDK":
    version "1.4.2"
    dependencies:
      sm-crypto "^0.1.0"
  
  sm-crypto@^0.1.0:
    version "0.1.0"
    resolved "https://registry.yarnpkg.com/sm-crypto/-/sm-crypto-0.1.0.tgz#21f7be7be21c68832b4d837cc439c6214065da90"
    integrity sha512-VYtTlgErrkqLWpzRrrhG1uOQh9QcydD8kUnS7quu0DlI219qa9eO8vQW2yBMK3cF/CkWsvOlcmIJfXZ2IB3Wdg==
    dependencies:
      jsbn "^1.1.0"
